2019-08-01 09:09:17,837 - INFO - Beginning execution of dms2_bcsubamp in directory /fh/fast/bloom_j/computational_notebooks/jbloom/2019/egg_adaptation_Perth2009_HA

2019-08-01 09:09:17,838 - INFO - Progress is being logged to ./results/codoncounts/lib3-egg.log
2019-08-01 09:09:17,847 - INFO - Version information:
	Time and date: Thu Aug  1 09:09:17 2019
	Platform: Linux-3.13.0-165-generic-x86_64-with-debian-jessie-sid
	Python version: 3.6.7 | packaged by conda-forge | (default, Feb 28 2019, 09:07:38)  [GCC 7.3.0]
	dms_tools2 version: 2.5.0
	Bio version: 1.73
	HTSeq version: 0.11.2
	pandas version: 0.25.0
	numpy version: 1.16.4
	IPython version: 7.6.1
	jupyter version: 1.0.0
	matplotlib version: 3.1.1
	plotnine version: 0.5.1
	natsort version: 6.0.0
	pystan version: 2.16.0.0
	scipy version: 1.2.2
	seaborn version: 0.9.0
	phydmslib version: 2.3.3
	statsmodels version: 0.10.0
	rpy2 version: 2.9.4
	regex version: 2.5.33
	umi_tools version: 1.0.0

2019-08-01 09:09:17,847 - INFO - Parsed the following arguments:
	outdir = ./results/codoncounts/
	ncpus = -1
	use_existing = yes
	refseq = ./data/Perth09_HA_reference.fa
	alignspecs = ['1,285,38,40', '286,567,33,34', '568,852,34,30', '853,1137,34,31', '1138,1422,36,29', '1423,1701,39,44']
	bclen = 8
	fastqdir = None
	R2 = None
	R1trim = [200]
	R2trim = [165]
	bclen2 = None
	chartype = codon
	maxmuts = 4
	minq = 15
	minreads = 2
	minfraccall = 0.95
	minconcur = 0.75
	sitemask = None
	purgeread = 0
	purgebc = 0
	bcinfo = False
	name = lib3-egg
	R1 = ['/fh/fast/bloom_j/SR/ngs/illumina/reguia/190725_D00300_0788_AH3JCJBCX3_lane1/Unaligned/Project_reguia/Sample_L6pooledegg/*_R1_*.fastq.gz']

2019-08-01 09:09:17,866 - INFO - Read refseq of 1701 codons from ./data/Perth09_HA_reference.fa
2019-08-01 09:09:17,873 - INFO - Reads are in these FASTQ pairs:
	/fh/fast/bloom_j/SR/ngs/illumina/reguia/190725_D00300_0788_AH3JCJBCX3_lane1/Unaligned/Project_reguia/Sample_L6pooledegg/L6pooledegg_GAGCTGAA_L001_R1_001.fastq.gz and /fh/fast/bloom_j/SR/ngs/illumina/reguia/190725_D00300_0788_AH3JCJBCX3_lane1/Unaligned/Project_reguia/Sample_L6pooledegg/L6pooledegg_GAGCTGAA_L001_R2_001.fastq.gz
	/fh/fast/bloom_j/SR/ngs/illumina/reguia/190725_D00300_0788_AH3JCJBCX3_lane1/Unaligned/Project_reguia/Sample_L6pooledegg/L6pooledegg_GAGCTGAA_L001_R1_002.fastq.gz and /fh/fast/bloom_j/SR/ngs/illumina/reguia/190725_D00300_0788_AH3JCJBCX3_lane1/Unaligned/Project_reguia/Sample_L6pooledegg/L6pooledegg_GAGCTGAA_L001_R2_002.fastq.gz
	/fh/fast/bloom_j/SR/ngs/illumina/reguia/190725_D00300_0788_AH3JCJBCX3_lane1/Unaligned/Project_reguia/Sample_L6pooledegg/L6pooledegg_GAGCTGAA_L001_R1_003.fastq.gz and /fh/fast/bloom_j/SR/ngs/illumina/reguia/190725_D00300_0788_AH3JCJBCX3_lane1/Unaligned/Project_reguia/Sample_L6pooledegg/L6pooledegg_GAGCTGAA_L001_R2_003.fastq.gz

2019-08-01 09:09:17,873 - INFO - Now parsing read pairs...
2019-08-01 09:09:28,465 - INFO - Reads parsed so far: 500000
2019-08-01 09:09:39,735 - INFO - Reads parsed so far: 1000000
2019-08-01 09:09:49,722 - INFO - Reads parsed so far: 1500000
2019-08-01 09:09:59,864 - INFO - Reads parsed so far: 2000000
2019-08-01 09:10:09,093 - INFO - Reads parsed so far: 2500000
2019-08-01 09:10:18,670 - INFO - Reads parsed so far: 3000000
2019-08-01 09:10:27,962 - INFO - Reads parsed so far: 3500000
2019-08-01 09:10:37,333 - INFO - Reads parsed so far: 4000000
2019-08-01 09:10:47,316 - INFO - Reads parsed so far: 4500000
2019-08-01 09:10:58,267 - INFO - Reads parsed so far: 5000000
2019-08-01 09:11:07,857 - INFO - Reads parsed so far: 5500000
2019-08-01 09:11:17,106 - INFO - Reads parsed so far: 6000000
2019-08-01 09:11:26,383 - INFO - Reads parsed so far: 6500000
2019-08-01 09:11:36,526 - INFO - Reads parsed so far: 7000000
2019-08-01 09:11:46,101 - INFO - Reads parsed so far: 7500000
2019-08-01 09:11:55,911 - INFO - Reads parsed so far: 8000000
2019-08-01 09:11:58,032 - INFO - Parsed 8097513 reads, found 1127676 unique barcodes.
2019-08-01 09:11:58,044 - INFO - Summary stats on reads:
   total  fail filter  low Q barcode
 8097513       125038         562264
2019-08-01 09:11:58,044 - INFO - Writing these stats to ./results/codoncounts/lib3-egg_readstats.csv

2019-08-01 09:11:58,521 - INFO - Number of reads per barcode:
                 number of barcodes
number of reads                    
1                            139372
2                             36082
3                             57173
4                             83969
5                            108195
6                            125161
7                            128998
8                            120402
9                            101658
10                            79375
11                            56628
12                            37765
13                            23638
14                            13607
15                             7608
16                             4119
17                             2016
18                              998
19                              454
20                              227
21                              108
22                               58
23                               23
24                               18
25                                9
26                                2
27                                2
28                                6
29                                2
31                                1
32                                1
34                                1
2019-08-01 09:11:58,522 - INFO - Writing these stats to ./results/codoncounts/lib3-egg_readsperbc.csv

2019-08-01 09:11:58,527 - INFO - Examining the 1127676 barcodes to build and align subamplicons...
2019-08-01 09:12:13,403 - INFO - Barcodes examined so far: 200000
2019-08-01 09:12:27,371 - INFO - Barcodes examined so far: 400000
2019-08-01 09:12:40,403 - INFO - Barcodes examined so far: 600000
2019-08-01 09:12:54,348 - INFO - Barcodes examined so far: 800000
2019-08-01 09:13:06,697 - INFO - Barcodes examined so far: 1000000
2019-08-01 09:13:10,262 - INFO - Examined all barcodes. Summary stats:
   total  too few reads  not alignable  aligned
 1127676         139372          65822   922482
2019-08-01 09:13:10,263 - INFO - Writing these stats to ./results/codoncounts/lib3-egg_bcstats.csv

2019-08-01 09:13:10,294 - INFO - Writing the counts of each codon identity at each site to ./results/codoncounts/lib3-egg_codoncounts.csv

2019-08-01 09:13:10,336 - INFO - Successful completion of dms2_bcsubamp
