2019-08-15 13:20:50,496 - INFO - Beginning execution of dms2_batch_bcsubamp in directory /fh/fast/bloom_j/computational_notebooks/jbloom/2019/egg_adaptation_Perth2009_HA

2019-08-15 13:20:50,497 - INFO - Progress is being logged to ./results/codoncounts/summary.log
2019-08-15 13:20:50,507 - INFO - Version information:
	Time and date: Thu Aug 15 13:20:50 2019
	Platform: Linux-3.13.0-165-generic-x86_64-with-debian-jessie-sid
	Python version: 3.6.7 | packaged by conda-forge | (default, Feb 28 2019, 09:07:38)  [GCC 7.3.0]
	dms_tools2 version: 2.5.dev1
	Bio version: 1.73
	HTSeq version: 0.11.2
	pandas version: 0.25.0
	numpy version: 1.16.4
	IPython version: 7.6.1
	jupyter version: 1.0.0
	matplotlib version: 3.1.1
	plotnine version: 0.5.1
	natsort version: 6.0.0
	pystan version: 2.16.0.0
	scipy version: 1.2.2
	seaborn version: 0.9.0
	phydmslib version: 2.3.3
	statsmodels version: 0.10.0
	rpy2 version: 2.9.4
	regex version: 2.5.33
	umi_tools version: 1.0.0

2019-08-15 13:20:50,507 - INFO - Parsed the following arguments:
	outdir = ./results/codoncounts/
	ncpus = 4
	use_existing = yes
	refseq = ./data/Perth09_HA_reference.fa
	alignspecs = ['1,285,38,40', '286,567,33,34', '568,852,34,30', '853,1137,34,31', '1138,1422,36,29', '1423,1701,39,44']
	bclen = 8
	fastqdir = None
	R2 = None
	R1trim = [200]
	R2trim = [165]
	bclen2 = None
	chartype = codon
	maxmuts = 4
	minq = 15
	minreads = 2
	minfraccall = 0.95
	minconcur = 0.75
	sitemask = None
	purgeread = 0
	purgebc = 0
	bcinfo = False
	batchfile = ./results/codoncounts/batch.csv
	summaryprefix = summary

2019-08-15 13:20:50,507 - INFO - Parsing sample info from ./results/codoncounts/batch.csv
2019-08-15 13:20:50,520 - INFO - Read the following sample information:
name,R1
lib1-cell,/fh/fast/bloom_j/SR/ngs/illumina/reguia/190725_D00300_0788_AH3JCJBCX3_lane1/Unaligned/Project_reguia/Sample_L4mock/*_R1_*.fastq.gz
lib1-egg,/fh/fast/bloom_j/SR/ngs/illumina/reguia/190725_D00300_0788_AH3JCJBCX3_lane1/Unaligned/Project_reguia/Sample_L4pooledegg/*_R1_*.fastq.gz
lib2-cell,/fh/fast/bloom_j/SR/ngs/illumina/reguia/190725_D00300_0788_AH3JCJBCX3_lane1/Unaligned/Project_reguia/Sample_L5mock/*_R1_*.fastq.gz
lib2-egg,/fh/fast/bloom_j/SR/ngs/illumina/reguia/190725_D00300_0788_AH3JCJBCX3_lane1/Unaligned/Project_reguia/Sample_L5pooledegg/*_R1_*.fastq.gz
lib3-cell,/fh/fast/bloom_j/SR/ngs/illumina/reguia/190725_D00300_0788_AH3JCJBCX3_lane1/Unaligned/Project_reguia/Sample_L6mock/*_R1_*.fastq.gz
lib3-egg,/fh/fast/bloom_j/SR/ngs/illumina/reguia/190725_D00300_0788_AH3JCJBCX3_lane1/Unaligned/Project_reguia/Sample_L6pooledegg/*_R1_*.fastq.gz
wt,/fh/fast/bloom_j/SR/ngs/illumina/reguia/190725_D00300_0788_AH3JCJBCX3_lane1/Unaligned/Project_reguia/Sample_WTplasmid/*_R1_*.fastq.gz


2019-08-15 13:20:50,548 - INFO - Output files already exist and '--use_existing' is 'yes', so exiting with no further action.
