2019-08-15 13:21:18,135 - INFO - Beginning execution of dms2_logoplot in directory /fh/fast/bloom_j/computational_notebooks/jbloom/2019/egg_adaptation_Perth2009_HA

2019-08-15 13:21:18,135 - INFO - Progress is being logged to ./results/diffsel/egg-vs-cell.log
2019-08-15 13:21:18,139 - INFO - Version information:
	Time and date: Thu Aug 15 13:21:18 2019
	Platform: Linux-3.13.0-165-generic-x86_64-with-debian-jessie-sid
	Python version: 3.6.7 | packaged by conda-forge | (default, Feb 28 2019, 09:07:38)  [GCC 7.3.0]
	dms_tools2 version: 2.5.dev1
	Bio version: 1.73
	HTSeq version: 0.11.2
	pandas version: 0.25.0
	numpy version: 1.16.4
	IPython version: 7.6.1
	jupyter version: 1.0.0
	matplotlib version: 3.1.1
	plotnine version: 0.5.1
	natsort version: 6.0.0
	pystan version: 2.16.0.0
	scipy version: 1.2.2
	seaborn version: 0.9.0
	phydmslib version: 2.3.3
	statsmodels version: 0.10.0
	rpy2 version: 2.9.4
	regex version: 2.5.33
	umi_tools version: 1.0.0

2019-08-15 13:21:18,140 - INFO - Parsed the following arguments:
	outdir = ./results/diffsel/
	ncpus = -1
	use_existing = no
	prefs = None
	diffsel = ./results/diffsel/summary_meanmutdiffsel.csv
	fracsurvive = None
	diffprefs = None
	muteffects = None
	name = egg-vs-cell
	nperline = 81
	numberevery = 10
	excludestop = no
	stringency = 1
	restrictdiffsel = positive
	diffselrange = None
	muteffectrange = None
	fracsurvivemax = None
	sortsites = yes
	mapmetric = functionalgroup
	colormap = jet
	overlay1 = ['./results/diffsel/summary_meanmutdiffsel.csv', 'wildtype', 'wildtype']
	overlay2 = None
	overlay3 = None
	underlay = no
	scalebar = None
	overlaycolormap = jet
	letterheight = 1
	ignore_extracols = no
	sepline = yes

2019-08-15 13:21:18,143 - INFO - Removing existing file ./results/diffsel/egg-vs-cell_diffsel.pdf
2019-08-15 13:21:18,213 - INFO - Reading diffsel from file ./results/diffsel/summary_meanmutdiffsel.csv...
2019-08-15 13:21:18,234 - INFO - Read data for 566 sites.

2019-08-15 13:21:18,289 - INFO - Reading overlay for wildtype from ./results/diffsel/summary_meanmutdiffsel.csv...
2019-08-15 13:21:18,307 - INFO - Read overlay for 566 sites.

2019-08-15 13:21:18,307 - INFO - Making logo plot ./results/diffsel/egg-vs-cell_diffsel.pdf...
2019-08-15 13:21:25,010 - INFO - Successfully created logo plot.

2019-08-15 13:21:25,010 - INFO - Successful completion of dms2_logoplot
